<?xml version="1.0" encoding="UTF-8" ?>
<testsuite tests="5" failures="0" name="it.unipd.tos.PizzeriaBellaNapoliTest" time="0.085" errors="0" skipped="0">
  <properties>
[...]
</properties>
  <testcase classname="it.unipd.tos.PizzeriaBellaNapoliTest" name="getOrderPrice_itemsNumberMoreThan20_exceptionThrown" time="0.012"/>
  <testcase classname="it.unipd.tos.PizzeriaBellaNapoliTest" name="getOrderPrice_itemsPizzaMoreThan10_applyReduction" time="0.073"/>
  <testcase classname="it.unipd.tos.PizzeriaBellaNapoliTest" name="getOrderPrice_billMoreThan100AndItemsPizzaMoreThan10_applyFullReduction" time="0"/>
  <testcase classname="it.unipd.tos.PizzeriaBellaNapoliTest" name="getOrderPrice_billMoreThan100_applyReduction" time="0"/>
  <testcase classname="it.unipd.tos.PizzeriaBellaNapoliTest" name="getOrderPrice_simpleValues_computeBill" time="0"/>
</testsuite>